<?xml version="1.0" encoding="UTF-8"?>
<testsuite xmlns:xsi="http://www.w3.org/2001/XMLSchema-instance" xsi:noNamespaceSchemaLocation="https://maven.apache.org/surefire/maven-surefire-plugin/xsd/surefire-test-report-3.0.xsd" version="3.0" name="dominio.ClienteTest" time="0.014" tests="12" errors="0" skipped="0" failures="0">
  <properties>
    <property name="java.specification.version" value="23"/>
    <property name="sun.cpu.isalist" value="amd64"/>
    <property name="sun.jnu.encoding" value="Cp1252"/>
    <property name="java.class.path" value="D:\Esto sería el escritorio\Repositorios Github\ProyectoFinalLasercom\LasercomBDConexion\target\test-classes;D:\Esto sería el escritorio\Repositorios Github\ProyectoFinalLasercom\LasercomBDConexion\target\classes;C:\Users\FER\.m2\repository\jakarta\validation\jakarta.validation-api\3.1.1\jakarta.validation-api-3.1.1.jar;C:\Users\FER\.m2\repository\jakarta\persistence\jakarta.persistence-api\3.1.0\jakarta.persistence-api-3.1.0.jar;C:\Users\FER\.m2\repository\org\junit\jupiter\junit-jupiter-api\5.13.0-M2\junit-jupiter-api-5.13.0-M2.jar;C:\Users\FER\.m2\repository\org\opentest4j\opentest4j\1.3.0\opentest4j-1.3.0.jar;C:\Users\FER\.m2\repository\org\junit\platform\junit-platform-commons\1.13.0-M2\junit-platform-commons-1.13.0-M2.jar;C:\Users\FER\.m2\repository\org\apiguardian\apiguardian-api\1.1.2\apiguardian-api-1.1.2.jar;"/>
    <property name="java.vm.vendor" value="Oracle Corporation"/>
    <property name="sun.arch.data.model" value="64"/>
    <property name="user.variant" value=""/>
    <property name="java.vendor.url" value="https://java.oracle.com/"/>
    <property name="user.timezone" value="America/Hermosillo"/>
    <property name="os.name" value="Windows 10"/>
    <property name="java.vm.specification.version" value="23"/>
    <property name="user.country" value="MX"/>
    <property name="sun.java.launcher" value="SUN_STANDARD"/>
    <property name="sun.boot.library.path" value="C:\Program Files\Java\jdk-23\bin"/>
    <property name="sun.java.command" value="C:\Users\FER\AppData\Local\Temp\surefire7576100646075327997\surefirebooter-20250513164626541_3.jar C:\Users\FER\AppData\Local\Temp\surefire7576100646075327997 2025-05-13T16-46-26_429-jvmRun1 surefire-20250513164626541_1tmp surefire_0-20250513164626541_2tmp"/>
    <property name="jdk.debug" value="release"/>
    <property name="surefire.test.class.path" value="D:\Esto sería el escritorio\Repositorios Github\ProyectoFinalLasercom\LasercomBDConexion\target\test-classes;D:\Esto sería el escritorio\Repositorios Github\ProyectoFinalLasercom\LasercomBDConexion\target\classes;C:\Users\FER\.m2\repository\jakarta\validation\jakarta.validation-api\3.1.1\jakarta.validation-api-3.1.1.jar;C:\Users\FER\.m2\repository\jakarta\persistence\jakarta.persistence-api\3.1.0\jakarta.persistence-api-3.1.0.jar;C:\Users\FER\.m2\repository\org\junit\jupiter\junit-jupiter-api\5.13.0-M2\junit-jupiter-api-5.13.0-M2.jar;C:\Users\FER\.m2\repository\org\opentest4j\opentest4j\1.3.0\opentest4j-1.3.0.jar;C:\Users\FER\.m2\repository\org\junit\platform\junit-platform-commons\1.13.0-M2\junit-platform-commons-1.13.0-M2.jar;C:\Users\FER\.m2\repository\org\apiguardian\apiguardian-api\1.1.2\apiguardian-api-1.1.2.jar;"/>
    <property name="sun.cpu.endian" value="little"/>
    <property name="user.home" value="C:\Users\FER"/>
    <property name="user.language" value="es"/>
    <property name="java.specification.vendor" value="Oracle Corporation"/>
    <property name="java.version.date" value="2025-01-21"/>
    <property name="java.home" value="C:\Program Files\Java\jdk-23"/>
    <property name="file.separator" value="\"/>
    <property name="basedir" value="D:\Esto sería el escritorio\Repositorios Github\ProyectoFinalLasercom\LasercomBDConexion"/>
    <property name="java.vm.compressedOopsMode" value="Zero based"/>
    <property name="line.separator" value="&#10;"/>
    <property name="java.vm.specification.vendor" value="Oracle Corporation"/>
    <property name="java.specification.name" value="Java Platform API Specification"/>
    <property name="surefire.real.class.path" value="C:\Users\FER\AppData\Local\Temp\surefire7576100646075327997\surefirebooter-20250513164626541_3.jar"/>
    <property name="user.script" value=""/>
    <property name="sun.management.compiler" value="HotSpot 64-Bit Tiered Compilers"/>
    <property name="java.runtime.version" value="23.0.2+7-58"/>
    <property name="user.name" value="FER"/>
    <property name="stdout.encoding" value="Cp1252"/>
    <property name="path.separator" value=";"/>
    <property name="os.version" value="10.0"/>
    <property name="java.runtime.name" value="Java(TM) SE Runtime Environment"/>
    <property name="file.encoding" value="UTF-8"/>
    <property name="java.vm.name" value="Java HotSpot(TM) 64-Bit Server VM"/>
    <property name="maven.ext.class.path" value="C:\Program Files\NetBeans-24\netbeans\java\maven-nblib\netbeans-eventspy.jar"/>
    <property name="localRepository" value="C:\Users\FER\.m2\repository"/>
    <property name="java.vendor.url.bug" value="https://bugreport.java.com/bugreport/"/>
    <property name="java.io.tmpdir" value="C:\Users\FER\AppData\Local\Temp\"/>
    <property name="java.version" value="23.0.2"/>
    <property name="user.dir" value="D:\Esto sería el escritorio\Repositorios Github\ProyectoFinalLasercom\LasercomBDConexion"/>
    <property name="os.arch" value="amd64"/>
    <property name="java.vm.specification.name" value="Java Virtual Machine Specification"/>
    <property name="sun.os.patch.level" value=""/>
    <property name="native.encoding" value="Cp1252"/>
    <property name="java.library.path" value="C:\Program Files\Java\jdk-23\bin;C:\Windows\Sun\Java\bin;C:\Windows\system32;C:\Windows;C:\Program Files\Common Files\Oracle\Java\javapath;C:\Windows\system32;C:\Windows;C:\Windows\System32\Wbem;C:\Windows\System32\WindowsPowerShell\v1.0\;C:\Windows\System32\OpenSSH\;C:\Program Files\NVIDIA Corporation\NVIDIA app\NvDLISR;C:\Program Files (x86)\NVIDIA Corporation\PhysX\Common;C:\Program Files\dotnet\;C:\Program Files\nodejs\;C:\Program Files\Git\cmd;C:\Program Files\MySQL\MySQL Shell 8.0\bin\;C:\Users\FER\AppData\Local\Programs\Python\Launcher\;C:\Users\FER\AppData\Local\Microsoft\WindowsApps;C:\Users\FER\AppData\Local\Programs\Microsoft VS Code\bin;C:\Users\FER\AppData\Roaming\npm;C:\Users\FER\AppData\Local\GitHubDesktop\bin;C:\Users\FER\AppData\Local\Programs\Python\Python313;C:\Users\FER\AppData\Local\Programs\Python\Python313\Scripts;C:\Program Files\MongoDB\Server\8.0\bin;C:\Program Files\MongoDB\mongosh-2.4.0-win32-x64\bin;;."/>
    <property name="java.vm.info" value="mixed mode, sharing"/>
    <property name="stderr.encoding" value="Cp1252"/>
    <property name="java.vendor" value="Oracle Corporation"/>
    <property name="java.vm.version" value="23.0.2+7-58"/>
    <property name="sun.io.unicode.encoding" value="UnicodeLittle"/>
    <property name="java.class.version" value="67.0"/>
  </properties>
  <testcase name="testValidacionNombreVacio" classname="dominio.ClienteTest" time="0.002"/>
  <testcase name="testConstructorConId" classname="dominio.ClienteTest" time="0.001"/>
  <testcase name="testConstructorVacio" classname="dominio.ClienteTest" time="0.001"/>
  <testcase name="testConstructorConAtributos" classname="dominio.ClienteTest" time="0.001"/>
  <testcase name="testSettersAndGetters" classname="dominio.ClienteTest" time="0.001"/>
  <testcase name="testConstructorCompleto" classname="dominio.ClienteTest" time="0.001"/>
  <testcase name="testValidacionCorreoInvalido" classname="dominio.ClienteTest" time="0.001"/>
  <testcase name="testValidacionDireccionVacia" classname="dominio.ClienteTest" time="0.0"/>
  <testcase name="testValidacionMultiplesErrores" classname="dominio.ClienteTest" time="0.001"/>
  <testcase name="testValidacionTelefonoInvalido" classname="dominio.ClienteTest" time="0.001"/>
  <testcase name="testEqualsAndHashCode" classname="dominio.ClienteTest" time="0.001"/>
  <testcase name="testValidacionClienteValido" classname="dominio.ClienteTest" time="0.002"/>
</testsuite>